Grid Size: 0.5000
Number of Bins: 26*26
Bin Size: 0.02
n = 500, simulation time = 0.111309 seconds
n = 500,threads = 0, simulation time = 0.000351 seconds
n = 500,threads = 0, simulation time = 0.000485 seconds
n = 500,threads = 0, simulation time = 0.000722 seconds
n = 500,threads = 0, simulation time = 0.005073 seconds
n = 500,threads = 0, simulation time = 0.059405 seconds
n = 1000,threads = 0, simulation time = 0.000458 seconds
n = 2000,threads = 0, simulation time = 0.000618 seconds
n = 4000,threads = 0, simulation time = 0.004309 seconds
n = 8000,threads = 0, simulation time = 0.056219 seconds

Strong scaling estimates are :
  317.12  229.50  154.17   21.94    1.87 (speedup)
  317.12     inf     inf     inf     inf (efficiency)    for
       0       0       0       0       0 threads/processors

Average strong scaling efficiency:     inf 

Weak scaling estimates are :
  317.12  243.03  180.11   25.83    1.98 (efficiency)    for
       0       0       0       0       0 threads/processors

Average weak scaling efficiency:  153.62 


openmp Grade =  100.00

